<?xml version="1.0" encoding="UTF-8"?>
<!-- Generated by org.testng.reporters.JUnitReportReporter -->
<testsuite hostname="localhost.pcs" failures="0" tests="2" name="uaterp.CreateRole" time="43.910" errors="0" timestamp="2022-07-19T11:27:17 IST" skipped="1">
  <testcase classname="uaterp.CreateRole" name="duplicateRoleTest1" time="43.910"/>
  <system-out/>
  <testcase classname="uaterp.CreateRole" name="role">
    <skipped/>
  </testcase> <!-- role -->
  <system-out/>
</testsuite> <!-- uaterp.CreateRole -->
