<?xml version="1.0" encoding="UTF-8"?>
<!-- Generated by org.testng.reporters.JUnitReportReporter -->
<testsuite hostname="localhost.pcs" failures="0" tests="1" name="uaterp.RoleAuthourization" time="32.915" errors="0" timestamp="2022-07-19T11:27:17 IST" skipped="0">
  <testcase classname="uaterp.RoleAuthourization" name="role" time="32.915"/>
  <system-out/>
</testsuite> <!-- uaterp.RoleAuthourization -->
